app/build/intermediates/manifest_merge_blame_file/debug/processDebugMainManifest/manifest-merger-blame-debug-report.txt
1<?xml version="1.0" encoding="utf-8"?>
2<manifest xmlns:android="http://schemas.android.com/apk/res/android"
3    package="com.fjos.launcher"
4    android:versionCode="1"
5    android:versionName="0.1" >
6
7    <uses-sdk
8        android:minSdkVersion="26"
9        android:targetSdkVersion="35" />
10
11    <application
11-->src/main/AndroidManifest.xml:2:5-19:19
12        android:debuggable="true"
13        android:extractNativeLibs="false"
14        android:label="FjOS Launcher"
14-->src/main/AndroidManifest.xml:4:9-38
15        android:theme="@style/AppTheme" >
15-->src/main/AndroidManifest.xml:3:9-40
16        <activity
16-->src/main/AndroidManifest.xml:6:9-18:20
17            android:name="com.fjos.launcher.MainActivity"
17-->src/main/AndroidManifest.xml:7:13-41
18            android:exported="true"
18-->src/main/AndroidManifest.xml:9:13-36
19            android:screenOrientation="landscape" >
19-->src/main/AndroidManifest.xml:8:13-50
20            <intent-filter>
20-->src/main/AndroidManifest.xml:11:13-16:29
21                <action android:name="android.intent.action.MAIN" />
21-->src/main/AndroidManifest.xml:12:17-68
21-->src/main/AndroidManifest.xml:12:25-66
22
23                <category android:name="android.intent.category.HOME" />
23-->src/main/AndroidManifest.xml:13:17-72
23-->src/main/AndroidManifest.xml:13:27-70
24                <category android:name="android.intent.category.LAUNCHER" />
24-->src/main/AndroidManifest.xml:14:13-72
24-->src/main/AndroidManifest.xml:14:23-70
25                <category android:name="android.intent.category.DEFAULT" />
25-->src/main/AndroidManifest.xml:15:17-75
25-->src/main/AndroidManifest.xml:15:27-73
26            </intent-filter>
27        </activity>
28    </application>
29
30</manifest>